d:\code\fancytips\fancytips\x64\release\vc143.pdb
d:\code\fancytips\fancytips\x64\release\multimon.obj
d:\code\fancytips\fancytips\x64\release\fancytips.obj
d:\code\fancytips\fancytips\x64\release\dllmain.obj
d:\code\fancytips\fancytips\x64\release\fancytips.lib
d:\code\fancytips\fancytips\x64\release\fancytips.exp
d:\code\fancytips\fancytips\x64\release\fancytips.ipdb
d:\code\fancytips\fancytips\x64\release\fancytips.iobj
d:\code\fancytips\fancytips\x64\release\fancytips.dll
d:\code\fancytips\fancytips\x64\release\fancytips.pdb
d:\code\fancytips\fancytips\x64\release\fancytips.res
d:\code\fancytips\fancytips\x64\release\fancytips.tlog\cl.command.1.tlog
d:\code\fancytips\fancytips\x64\release\fancytips.tlog\cl.read.1.tlog
d:\code\fancytips\fancytips\x64\release\fancytips.tlog\cl.write.1.tlog
d:\code\fancytips\fancytips\x64\release\fancytips.tlog\link.command.1.tlog
d:\code\fancytips\fancytips\x64\release\fancytips.tlog\link.read.1.tlog
d:\code\fancytips\fancytips\x64\release\fancytips.tlog\link.write.1.tlog
d:\code\fancytips\fancytips\x64\release\fancytips.tlog\link.write.2u.tlog
d:\code\fancytips\fancytips\x64\release\fancytips.tlog\rc.command.1.tlog
d:\code\fancytips\fancytips\x64\release\fancytips.tlog\rc.read.1.tlog
d:\code\fancytips\fancytips\x64\release\fancytips.tlog\rc.write.1.tlog
