d:\code\fancytips\fancytips\x64\debug\vc143.pdb
d:\code\fancytips\fancytips\x64\debug\vc143.idb
d:\code\fancytips\fancytips\x64\debug\multimon.obj
d:\code\fancytips\fancytips\x64\debug\fancytips.obj
d:\code\fancytips\fancytips\x64\debug\dllmain.obj
d:\code\fancytips\fancytips\x64\debug\fancytipsd.lib
d:\code\fancytips\fancytips\x64\debug\fancytipsd.exp
d:\code\fancytips\fancytips\x64\debug\fancytipsd.dll
d:\code\fancytips\fancytips\x64\debug\fancytipsd.ilk
d:\code\fancytips\fancytips\x64\debug\fancytipsd.pdb
d:\code\fancytips\fancytips\x64\debug\fancytips.res
d:\code\fancytips\fancytips\x64\debug\fancytips.tlog\cl.command.1.tlog
d:\code\fancytips\fancytips\x64\debug\fancytips.tlog\cl.read.1.tlog
d:\code\fancytips\fancytips\x64\debug\fancytips.tlog\cl.write.1.tlog
d:\code\fancytips\fancytips\x64\debug\fancytips.tlog\link.command.1.tlog
d:\code\fancytips\fancytips\x64\debug\fancytips.tlog\link.read.1.tlog
d:\code\fancytips\fancytips\x64\debug\fancytips.tlog\link.write.1.tlog
d:\code\fancytips\fancytips\x64\debug\fancytips.tlog\link.write.2u.tlog
d:\code\fancytips\fancytips\x64\debug\fancytips.tlog\rc.command.1.tlog
d:\code\fancytips\fancytips\x64\debug\fancytips.tlog\rc.read.1.tlog
d:\code\fancytips\fancytips\x64\debug\fancytips.tlog\rc.write.1.tlog
